0 info it worked if it ends with ok
1 verbose cli [ '/home/chaoroger/.nvm/versions/node/v7.4.0/bin/node',
1 verbose cli   '/home/chaoroger/.nvm/versions/node/v7.4.0/bin/npm',
1 verbose cli   'run',
1 verbose cli   'watch-css' ]
2 info using npm@4.0.5
3 info using node@v7.4.0
4 verbose run-script [ 'prewatch-css', 'watch-css', 'postwatch-css' ]
5 info lifecycle smartist@0.0.0~prewatch-css: smartist@0.0.0
6 silly lifecycle smartist@0.0.0~prewatch-css: no script for prewatch-css, continuing
7 info lifecycle smartist@0.0.0~watch-css: smartist@0.0.0
8 verbose lifecycle smartist@0.0.0~watch-css: unsafe-perm in lifecycle true
9 verbose lifecycle smartist@0.0.0~watch-css: PATH: /home/chaoroger/.nvm/versions/node/v7.4.0/lib/node_modules/npm/bin/node-gyp-bin:/home/chaoroger/lighthouse/smartist/node_modules/.bin:/home/chaoroger/.nvm/versions/node/v7.4.0/bin:/home/chaoroger/bin:/home/chaoroger/.local/bin:/usr/local/sbin:/usr/local/bin:/usr/sbin:/usr/bin:/sbin:/bin:/usr/games:/usr/local/games:/snap/bin
10 verbose lifecycle smartist@0.0.0~watch-css: CWD: /home/chaoroger/lighthouse/smartist
11 silly lifecycle smartist@0.0.0~watch-css: Args: [ '-c',
11 silly lifecycle   'node-sass -w ./public/styleheets/scss/ -o ./public/stylesheets/' ]
12 silly lifecycle smartist@0.0.0~watch-css: Returned: code: 1  signal: null
13 info lifecycle smartist@0.0.0~watch-css: Failed to exec watch-css script
14 verbose stack Error: smartist@0.0.0 watch-css: `node-sass -w ./public/styleheets/scss/ -o ./public/stylesheets/`
14 verbose stack Exit status 1
14 verbose stack     at EventEmitter.<anonymous> (/home/chaoroger/.nvm/versions/node/v7.4.0/lib/node_modules/npm/lib/utils/lifecycle.js:279:16)
14 verbose stack     at emitTwo (events.js:106:13)
14 verbose stack     at EventEmitter.emit (events.js:191:7)
14 verbose stack     at ChildProcess.<anonymous> (/home/chaoroger/.nvm/versions/node/v7.4.0/lib/node_modules/npm/lib/utils/spawn.js:40:14)
14 verbose stack     at emitTwo (events.js:106:13)
14 verbose stack     at ChildProcess.emit (events.js:191:7)
14 verbose stack     at maybeClose (internal/child_process.js:885:16)
14 verbose stack     at Process.ChildProcess._handle.onexit (internal/child_process.js:226:5)
15 verbose pkgid smartist@0.0.0
16 verbose cwd /home/chaoroger/lighthouse/smartist
17 error Linux 4.4.0-59-generic
18 error argv "/home/chaoroger/.nvm/versions/node/v7.4.0/bin/node" "/home/chaoroger/.nvm/versions/node/v7.4.0/bin/npm" "run" "watch-css"
19 error node v7.4.0
20 error npm  v4.0.5
21 error code ELIFECYCLE
22 error smartist@0.0.0 watch-css: `node-sass -w ./public/styleheets/scss/ -o ./public/stylesheets/`
22 error Exit status 1
23 error Failed at the smartist@0.0.0 watch-css script 'node-sass -w ./public/styleheets/scss/ -o ./public/stylesheets/'.
23 error Make sure you have the latest version of node.js and npm installed.
23 error If you do, this is most likely a problem with the smartist package,
23 error not with npm itself.
23 error Tell the author that this fails on your system:
23 error     node-sass -w ./public/styleheets/scss/ -o ./public/stylesheets/
23 error You can get information on how to open an issue for this project with:
23 error     npm bugs smartist
23 error Or if that isn't available, you can get their info via:
23 error     npm owner ls smartist
23 error There is likely additional logging output above.
24 verbose exit [ 1, true ]
